#
# There is insufficient memory for the Java Runtime Environment to continue.
# Native memory allocation (malloc) failed to allocate 743440 bytes for Chunk::new
# Possible reasons:
#   The system is out of physical RAM or swap space
#   The process is running with CompressedOops enabled, and the Java Heap may be blocking the growth of the native heap
# Possible solutions:
#   Reduce memory load on the system
#   Increase physical memory or swap space
#   Check if swap backing store is full
#   Decrease Java heap size (-Xmx/-Xms)
#   Decrease number of Java threads
#   Decrease Java thread stack sizes (-Xss)
#   Set larger code cache with -XX:ReservedCodeCacheSize=
#   JVM is running with Unscaled Compressed Oops mode in which the Java heap is
#     placed in the first 4GB address space. The Java Heap base address is the
#     maximum limit for the native heap growth. Please use -XX:HeapBaseMinAddress
#     to set the Java Heap base and to place the Java Heap above 4GB virtual address.
# This output file may be truncated or incomplete.
#
#  Out of Memory Error (arena.cpp:189), pid=20536, tid=22668
#
# JRE version: OpenJDK Runtime Environment Temurin-17.0.2+8 (17.0.2+8) (build 17.0.2+8)
# Java VM: OpenJDK 64-Bit Server VM Temurin-17.0.2+8 (17.0.2+8, mixed mode, tiered, compressed oops, compressed class ptrs, g1 gc, windows-amd64)
# No core dump will be written. Minidumps are not enabled by default on client versions of Windows
#

---------------  S U M M A R Y ------------

Command Line: -Dfile.encoding=UTF-8 -XX:+ShowCodeDetailsInExceptionMessages com.app.Application

Host: Intel(R) Core(TM) i5-10300H CPU @ 2.50GHz, 8 cores, 7G,  Windows 11 , 64 bit Build 22621 (10.0.22621.3139)
Time: Wed Feb 14 21:16:44 2024 India Standard Time elapsed time: 1.934810 seconds (0d 0h 0m 1s)

---------------  T H R E A D  ---------------

Current thread (0x0000028702820d90):  JavaThread "C2 CompilerThread0" daemon [_thread_in_native, id=22668, stack(0x000000e35f200000,0x000000e35f300000)]


Current CompileTask:
C2:   1934 1758   !   4       java.net.URL::<init> (543 bytes)

Stack: [0x000000e35f200000,0x000000e35f300000]
Native frames: (J=compiled Java code, j=interpreted, Vv=VM code, C=native code)
V  [jvm.dll+0x67564a]
V  [jvm.dll+0x82fc04]
V  [jvm.dll+0x8313ae]
V  [jvm.dll+0x831a13]
V  [jvm.dll+0x245235]
V  [jvm.dll+0xabd7b]
V  [jvm.dll+0xac30c]
V  [jvm.dll+0x3631f7]
V  [jvm.dll+0x32d891]
V  [jvm.dll+0x32cd3a]
V  [jvm.dll+0x2180d1]
V  [jvm.dll+0x2174f1]
V  [jvm.dll+0x1a3a8d]
V  [jvm.dll+0x226ef8]
V  [jvm.dll+0x22503c]
V  [jvm.dll+0x7e596b]
V  [jvm.dll+0x7dff2a]
V  [jvm.dll+0x6744d5]
C  [ucrtbase.dll+0x29363]
C  [KERNEL32.DLL+0x1257d]
C  [ntdll.dll+0x5aa58]


---------------  P R O C E S S  ---------------

Threads class SMR info:
_java_thread_list=0x000002870434ec10, length=16, elements={
0x00000287660b2070, 0x0000028702812010, 0x000002877feee6d0, 0x000002877ff3e690,
0x000002877ff09760, 0x000002877ff0a210, 0x0000028702814f90, 0x0000028702820d90,
0x0000028702823840, 0x000002870282ca00, 0x0000028702999200, 0x00000287029b2300,
0x00000287033540e0, 0x0000028704081010, 0x00000287034bb3e0, 0x0000028703446220
}

Java Threads: ( => current thread )
  0x00000287660b2070 JavaThread "main" [_thread_blocked, id=7200, stack(0x000000e35e500000,0x000000e35e600000)]
  0x0000028702812010 JavaThread "Reference Handler" daemon [_thread_blocked, id=5468, stack(0x000000e35ec00000,0x000000e35ed00000)]
  0x000002877feee6d0 JavaThread "Finalizer" daemon [_thread_blocked, id=13328, stack(0x000000e35ed00000,0x000000e35ee00000)]
  0x000002877ff3e690 JavaThread "Signal Dispatcher" daemon [_thread_blocked, id=5708, stack(0x000000e35ee00000,0x000000e35ef00000)]
  0x000002877ff09760 JavaThread "Attach Listener" daemon [_thread_blocked, id=21460, stack(0x000000e35ef00000,0x000000e35f000000)]
  0x000002877ff0a210 JavaThread "Service Thread" daemon [_thread_blocked, id=2160, stack(0x000000e35f000000,0x000000e35f100000)]
  0x0000028702814f90 JavaThread "Monitor Deflation Thread" daemon [_thread_blocked, id=22048, stack(0x000000e35f100000,0x000000e35f200000)]
=>0x0000028702820d90 JavaThread "C2 CompilerThread0" daemon [_thread_in_native, id=22668, stack(0x000000e35f200000,0x000000e35f300000)]
  0x0000028702823840 JavaThread "C1 CompilerThread0" daemon [_thread_blocked, id=24872, stack(0x000000e35f300000,0x000000e35f400000)]
  0x000002870282ca00 JavaThread "Sweeper thread" daemon [_thread_blocked, id=22968, stack(0x000000e35f400000,0x000000e35f500000)]
  0x0000028702999200 JavaThread "Notification Thread" daemon [_thread_blocked, id=20212, stack(0x000000e35f500000,0x000000e35f600000)]
  0x00000287029b2300 JavaThread "Common-Cleaner" daemon [_thread_blocked, id=11828, stack(0x000000e35f700000,0x000000e35f800000)]
  0x00000287033540e0 JavaThread "Thread-0" [_thread_blocked, id=5488, stack(0x000000e35f800000,0x000000e35f900000)]
  0x0000028704081010 JavaThread "restartedMain" [_thread_blocked, id=13248, stack(0x000000e35f900000,0x000000e35fa00000)]
  0x00000287034bb3e0 JavaThread "background-preinit" [_thread_blocked, id=7912, stack(0x000000e360100000,0x000000e360200000)]
  0x0000028703446220 JavaThread "C2 CompilerThread1" daemon [_thread_blocked, id=16568, stack(0x000000e360300000,0x000000e360400000)]

Other Threads:
  0x000002877ff1e330 VMThread "VM Thread" [stack: 0x000000e35eb00000,0x000000e35ec00000] [id=10316]
  0x0000028702999ce0 WatcherThread [stack: 0x000000e35f600000,0x000000e35f700000] [id=7060]
  0x00000287660f1440 GCTaskThread "GC Thread#0" [stack: 0x000000e35e600000,0x000000e35e700000] [id=8768]
  0x00000287040dc870 GCTaskThread "GC Thread#1" [stack: 0x000000e35fa00000,0x000000e35fb00000] [id=10660]
  0x00000287040dc5c0 GCTaskThread "GC Thread#2" [stack: 0x000000e35fb00000,0x000000e35fc00000] [id=2188]
  0x00000287040dd5e0 GCTaskThread "GC Thread#3" [stack: 0x000000e35fc00000,0x000000e35fd00000] [id=23388]
  0x00000287040dd890 GCTaskThread "GC Thread#4" [stack: 0x000000e35fd00000,0x000000e35fe00000] [id=21372]
  0x00000287040ddb40 GCTaskThread "GC Thread#5" [stack: 0x000000e35fe00000,0x000000e35ff00000] [id=19464]
  0x00000287040dcdd0 GCTaskThread "GC Thread#6" [stack: 0x000000e35ff00000,0x000000e360000000] [id=20280]
  0x00000287040dc060 GCTaskThread "GC Thread#7" [stack: 0x000000e360200000,0x000000e360300000] [id=11288]
  0x00000287661025e0 ConcurrentGCThread "G1 Main Marker" [stack: 0x000000e35e700000,0x000000e35e800000] [id=16636]
  0x0000028766102ff0 ConcurrentGCThread "G1 Conc#0" [stack: 0x000000e35e800000,0x000000e35e900000] [id=7836]
  0x00000287040dd080 ConcurrentGCThread "G1 Conc#1" [stack: 0x000000e360400000,0x000000e360500000] [id=21904]
  0x000002877fd600a0 ConcurrentGCThread "G1 Refine#0" [stack: 0x000000e35e900000,0x000000e35ea00000] [id=9584]
  0x0000028703174f80 ConcurrentGCThread "G1 Refine#1" [stack: 0x000000e360000000,0x000000e360100000] [id=16796]
  0x000002877fd60ac0 ConcurrentGCThread "G1 Service" [stack: 0x000000e35ea00000,0x000000e35eb00000] [id=13588]

Threads with active compile tasks:
C2 CompilerThread0     1966 1758   !   4       java.net.URL::<init> (543 bytes)

VM state: at safepoint (normal execution)

VM Mutex/Monitor currently owned by a thread:  ([mutex/lock_event])
[0x000002876600b5c0] Threads_lock - owner thread: 0x000002877ff1e330
[0x000002876600ab10] Heap_lock - owner thread: 0x00000287661025e0

Heap address: 0x0000000082a00000, size: 2006 MB, Compressed Oops mode: 32-bit

CDS archive(s) not mapped
Compressed class space mapped at: 0x0000000100000000-0x0000000140000000, reserved size: 1073741824
Narrow klass base: 0x0000000000000000, Narrow klass shift: 3, Narrow klass range: 0x140000000

GC Precious Log:
 CPUs: 8 total, 8 available
 Memory: 8023M
 Large Page Support: Disabled
 NUMA Support: Disabled
 Compressed Oops: Enabled (32-bit)
 Heap Region Size: 1M
 Heap Min Capacity: 8M
 Heap Initial Capacity: 126M
 Heap Max Capacity: 2006M
 Pre-touch: Disabled
 Parallel Workers: 8
 Concurrent Workers: 2
 Concurrent Refinement Workers: 8
 Periodic GC: Disabled

Heap:
 garbage-first heap   total 129024K, used 10349K [0x0000000082a00000, 0x0000000100000000)
  region size 1024K, 4 young (4096K), 3 survivors (3072K)
 Metaspace       used 21376K, committed 21568K, reserved 1073152K
  class space    used 2460K, committed 2560K, reserved 1048576K

Heap Regions: E=young(eden), S=young(survivor), O=old, HS=humongous(starts), HC=humongous(continues), CS=collection set, F=free, OA=open archive, CA=closed archive, TAMS=top-at-mark-start (previous, next)
|   0|0x0000000082a00000, 0x0000000082b00000, 0x0000000082b00000|100%|HS|  |TAMS 0x0000000082b00000, 0x0000000082a00000| Complete 
|   1|0x0000000082b00000, 0x0000000082c00000, 0x0000000082c00000|100%| O|  |TAMS 0x0000000082c00000, 0x0000000082b00000| Untracked 
|   2|0x0000000082c00000, 0x0000000082d00000, 0x0000000082d00000|100%| O|  |TAMS 0x0000000082d00000, 0x0000000082c00000| Untracked 
|   3|0x0000000082d00000, 0x0000000082e00000, 0x0000000082e00000|100%| O|  |TAMS 0x0000000082e00000, 0x0000000082d00000| Untracked 
|   4|0x0000000082e00000, 0x0000000082f00000, 0x0000000082f00000|100%| O|  |TAMS 0x0000000082f00000, 0x0000000082e00000| Untracked 
|   5|0x0000000082f00000, 0x0000000083000000, 0x0000000083000000|100%| O|  |TAMS 0x0000000083000000, 0x0000000082f00000| Updating 
|   6|0x0000000083000000, 0x0000000083100000, 0x0000000083100000|100%| O|  |TAMS 0x0000000083100000, 0x0000000083000000| Untracked 
|   7|0x0000000083100000, 0x00000000831d0c00, 0x0000000083200000| 81%| O|  |TAMS 0x00000000831d0c00, 0x0000000083100000| Updating 
|   8|0x0000000083200000, 0x0000000083200000, 0x0000000083300000|  0%| F|  |TAMS 0x0000000083200000, 0x0000000083200000| Untracked 
|   9|0x0000000083300000, 0x0000000083300000, 0x0000000083400000|  0%| F|  |TAMS 0x0000000083300000, 0x0000000083300000| Untracked 
|  10|0x0000000083400000, 0x0000000083400000, 0x0000000083500000|  0%| F|  |TAMS 0x0000000083400000, 0x0000000083400000| Untracked 
|  11|0x0000000083500000, 0x0000000083500000, 0x0000000083600000|  0%| F|  |TAMS 0x0000000083500000, 0x0000000083500000| Untracked 
|  12|0x0000000083600000, 0x0000000083600000, 0x0000000083700000|  0%| F|  |TAMS 0x0000000083600000, 0x0000000083600000| Untracked 
|  13|0x0000000083700000, 0x0000000083700000, 0x0000000083800000|  0%| F|  |TAMS 0x0000000083700000, 0x0000000083700000| Untracked 
|  14|0x0000000083800000, 0x0000000083800000, 0x0000000083900000|  0%| F|  |TAMS 0x0000000083800000, 0x0000000083800000| Untracked 
|  15|0x0000000083900000, 0x0000000083900000, 0x0000000083a00000|  0%| F|  |TAMS 0x0000000083900000, 0x0000000083900000| Untracked 
|  16|0x0000000083a00000, 0x0000000083a00000, 0x0000000083b00000|  0%| F|  |TAMS 0x0000000083a00000, 0x0000000083a00000| Untracked 
|  17|0x0000000083b00000, 0x0000000083b00000, 0x0000000083c00000|  0%| F|  |TAMS 0x0000000083b00000, 0x0000000083b00000| Untracked 
|  18|0x0000000083c00000, 0x0000000083c00000, 0x0000000083d00000|  0%| F|  |TAMS 0x0000000083c00000, 0x0000000083c00000| Untracked 
|  19|0x0000000083d00000, 0x0000000083d00000, 0x0000000083e00000|  0%| F|  |TAMS 0x0000000083d00000, 0x0000000083d00000| Untracked 
|  20|0x0000000083e00000, 0x0000000083e00000, 0x0000000083f00000|  0%| F|  |TAMS 0x0000000083e00000, 0x0000000083e00000| Untracked 
|  21|0x0000000083f00000, 0x0000000083f00000, 0x0000000084000000|  0%| F|  |TAMS 0x0000000083f00000, 0x0000000083f00000| Untracked 
|  22|0x0000000084000000, 0x0000000084000000, 0x0000000084100000|  0%| F|  |TAMS 0x0000000084000000, 0x0000000084000000| Untracked 
|  23|0x0000000084100000, 0x0000000084100000, 0x0000000084200000|  0%| F|  |TAMS 0x0000000084100000, 0x0000000084100000| Untracked 
|  24|0x0000000084200000, 0x0000000084200000, 0x0000000084300000|  0%| F|  |TAMS 0x0000000084200000, 0x0000000084200000| Untracked 
|  25|0x0000000084300000, 0x0000000084300000, 0x0000000084400000|  0%| F|  |TAMS 0x0000000084300000, 0x0000000084300000| Untracked 
|  26|0x0000000084400000, 0x0000000084400000, 0x0000000084500000|  0%| F|  |TAMS 0x0000000084400000, 0x0000000084400000| Untracked 
|  27|0x0000000084500000, 0x0000000084500000, 0x0000000084600000|  0%| F|  |TAMS 0x0000000084500000, 0x0000000084500000| Untracked 
|  28|0x0000000084600000, 0x0000000084600000, 0x0000000084700000|  0%| F|  |TAMS 0x0000000084600000, 0x0000000084600000| Untracked 
|  29|0x0000000084700000, 0x0000000084700000, 0x0000000084800000|  0%| F|  |TAMS 0x0000000084700000, 0x0000000084700000| Untracked 
|  30|0x0000000084800000, 0x0000000084800000, 0x0000000084900000|  0%| F|  |TAMS 0x0000000084800000, 0x0000000084800000| Untracked 
|  31|0x0000000084900000, 0x0000000084900000, 0x0000000084a00000|  0%| F|  |TAMS 0x0000000084900000, 0x0000000084900000| Untracked 
|  32|0x0000000084a00000, 0x0000000084a00000, 0x0000000084b00000|  0%| F|  |TAMS 0x0000000084a00000, 0x0000000084a00000| Untracked 
|  33|0x0000000084b00000, 0x0000000084b00000, 0x0000000084c00000|  0%| F|  |TAMS 0x0000000084b00000, 0x0000000084b00000| Untracked 
|  34|0x0000000084c00000, 0x0000000084c00000, 0x0000000084d00000|  0%| F|  |TAMS 0x0000000084c00000, 0x0000000084c00000| Untracked 
|  35|0x0000000084d00000, 0x0000000084d00000, 0x0000000084e00000|  0%| F|  |TAMS 0x0000000084d00000, 0x0000000084d00000| Untracked 
| 118|0x000000008a000000, 0x000000008a04a910, 0x000000008a100000| 29%| S|CS|TAMS 0x000000008a000000, 0x000000008a000000| Complete 
| 119|0x000000008a100000, 0x000000008a200000, 0x000000008a200000|100%| S|CS|TAMS 0x000000008a100000, 0x000000008a100000| Complete 
| 120|0x000000008a200000, 0x000000008a300000, 0x000000008a300000|100%| S|CS|TAMS 0x000000008a200000, 0x000000008a200000| Complete 
| 125|0x000000008a700000, 0x000000008a7de9f8, 0x000000008a800000| 86%| E|  |TAMS 0x000000008a700000, 0x000000008a700000| Complete 

Card table byte_map: [0x000002877ad90000,0x000002877b180000] _byte_map_base: 0x000002877a97b000

Marking Bits (Prev, Next): (CMBitMap*) 0x00000287660f1a90, (CMBitMap*) 0x00000287660f1a50
 Prev Bits: [0x000002877d4d0000, 0x000002877f428000)
 Next Bits: [0x000002877b570000, 0x000002877d4c8000)

Polling page: 0x0000028766170000

Metaspace:

Usage:
  Non-class:     18.47 MB used.
      Class:      2.40 MB used.
       Both:     20.88 MB used.

Virtual space:
  Non-class space:       24.00 MB reserved,      18.56 MB ( 77%) committed,  3 nodes.
      Class space:        1.00 GB reserved,       2.50 MB ( <1%) committed,  1 nodes.
             Both:        1.02 GB reserved,      21.06 MB (  2%) committed. 

Chunk freelists:
   Non-Class:  1.20 MB
       Class:  1.50 MB
        Both:  2.70 MB

MaxMetaspaceSize: unlimited
CompressedClassSpaceSize: 1.00 GB
Initial GC threshold: 21.00 MB
Current GC threshold: 35.12 MB
CDS: off
MetaspaceReclaimPolicy: balanced
 - commit_granule_bytes: 65536.
 - commit_granule_words: 8192.
 - virtual_space_node_default_size: 1048576.
 - enlarge_chunks_in_place: 1.
 - new_chunks_are_fully_committed: 0.
 - uncommit_free_chunks: 1.
 - use_allocation_guard: 0.
 - handle_deallocations: 1.


Internal statistics:

num_allocs_failed_limit: 3.
num_arena_births: 128.
num_arena_deaths: 0.
num_vsnodes_births: 4.
num_vsnodes_deaths: 0.
num_space_committed: 337.
num_space_uncommitted: 0.
num_chunks_returned_to_freelist: 3.
num_chunks_taken_from_freelist: 526.
num_chunk_merges: 3.
num_chunk_splits: 359.
num_chunks_enlarged: 283.
num_purges: 0.
num_inconsistent_stats: 0.

CodeHeap 'non-profiled nmethods': size=120000Kb used=654Kb max_used=654Kb free=119345Kb
 bounds [0x0000028772a00000, 0x0000028772c70000, 0x0000028779f30000]
CodeHeap 'profiled nmethods': size=120000Kb used=3374Kb max_used=3374Kb free=116625Kb
 bounds [0x000002876b4d0000, 0x000002876b820000, 0x0000028772a00000]
CodeHeap 'non-nmethods': size=5760Kb used=1169Kb max_used=1191Kb free=4590Kb
 bounds [0x000002876af30000, 0x000002876b1a0000, 0x000002876b4d0000]
 total_blobs=2275 nmethods=1816 adapters=371
 compilation: enabled
              stopped_count=0, restarted_count=0
 full_count=0

Compilation events (20 events):
Event: 1.920 Thread 0x0000028703446220 nmethod 1759 0x0000028772a9f310 code [0x0000028772a9f4c0, 0x0000028772a9fbb8]
Event: 1.922 Thread 0x0000028702823840 1786       3       java.util.concurrent.ConcurrentHashMap::get (162 bytes)
Event: 1.923 Thread 0x0000028702823840 nmethod 1786 0x000002876b80c510 code [0x000002876b80c760, 0x000002876b80d228]
Event: 1.923 Thread 0x0000028702823840 1787       3       java.lang.Module::isStaticallyExportedOrOpen (70 bytes)
Event: 1.923 Thread 0x0000028702823840 nmethod 1787 0x000002876b80d510 code [0x000002876b80d720, 0x000002876b80ddd8]
Event: 1.923 Thread 0x0000028702823840 1788       3       java.lang.Module::implIsExportedOrOpen (92 bytes)
Event: 1.923 Thread 0x0000028702823840 nmethod 1788 0x000002876b80df90 code [0x000002876b80e1c0, 0x000002876b80e8d8]
Event: 1.923 Thread 0x0000028702823840 1789       3       jdk.internal.org.objectweb.asm.FieldVisitor::<init> (88 bytes)
Event: 1.924 Thread 0x0000028702823840 nmethod 1789 0x000002876b80ea90 code [0x000002876b80ece0, 0x000002876b80f5a8]
Event: 1.925 Thread 0x0000028702823840 1790       3       java.lang.Enum::getDeclaringClass (22 bytes)
Event: 1.925 Thread 0x0000028702823840 nmethod 1790 0x000002876b80f890 code [0x000002876b80fa40, 0x000002876b80fc08]
Event: 1.927 Thread 0x0000028703446220 1791       4       java.util.WeakHashMap::hash (28 bytes)
Event: 1.927 Thread 0x0000028703446220 nmethod 1791 0x0000028772aa0210 code [0x0000028772aa03a0, 0x0000028772aa04b8]
Event: 1.928 Thread 0x0000028703446220 1792   !   4       java.util.WeakHashMap::expungeStaleEntries (139 bytes)
Event: 1.929 Thread 0x0000028702823840 1794       3       sun.reflect.generics.tree.ClassSignature::<init> (20 bytes)
Event: 1.929 Thread 0x0000028702823840 nmethod 1794 0x000002876b80fd10 code [0x000002876b80fec0, 0x000002876b810138]
Event: 1.929 Thread 0x0000028702823840 1796       3       java.lang.Class::annotationData (44 bytes)
Event: 1.929 Thread 0x0000028702823840 nmethod 1796 0x000002876b810210 code [0x000002876b8103e0, 0x000002876b8106d8]
Event: 1.929 Thread 0x0000028702823840 1797       3       sun.reflect.generics.reflectiveObjects.ParameterizedTypeImpl::<init> (35 bytes)
Event: 1.930 Thread 0x0000028702823840 nmethod 1797 0x000002876b810810 code [0x000002876b8109e0, 0x000002876b810d18]

GC Heap History (4 events):
Event: 1.089 GC heap before
{Heap before GC invocations=0 (full 0):
 garbage-first heap   total 129024K, used 23552K [0x0000000082a00000, 0x0000000100000000)
  region size 1024K, 23 young (23552K), 0 survivors (0K)
 Metaspace       used 13069K, committed 13248K, reserved 1064960K
  class space    used 1285K, committed 1344K, reserved 1048576K
}
Event: 1.098 GC heap after
{Heap after GC invocations=1 (full 0):
 garbage-first heap   total 129024K, used 7477K [0x0000000082a00000, 0x0000000100000000)
  region size 1024K, 3 young (3072K), 3 survivors (3072K)
 Metaspace       used 13069K, committed 13248K, reserved 1064960K
  class space    used 1285K, committed 1344K, reserved 1048576K
}
Event: 1.897 GC heap before
{Heap before GC invocations=1 (full 0):
 garbage-first heap   total 129024K, used 32053K [0x0000000082a00000, 0x0000000100000000)
  region size 1024K, 28 young (28672K), 3 survivors (3072K)
 Metaspace       used 20304K, committed 20544K, reserved 1073152K
  class space    used 2256K, committed 2368K, reserved 1048576K
}
Event: 1.903 GC heap after
{Heap after GC invocations=2 (full 0):
 garbage-first heap   total 129024K, used 9975K [0x0000000082a00000, 0x0000000100000000)
  region size 1024K, 2 young (2048K), 2 survivors (2048K)
 Metaspace       used 20304K, committed 20544K, reserved 1073152K
  class space    used 2256K, committed 2368K, reserved 1048576K
}

Deoptimization events (20 events):
Event: 1.823 Thread 0x0000028704081010 DEOPT PACKING pc=0x0000028772a950d4 sp=0x000000e35f9fbcf0
Event: 1.823 Thread 0x0000028704081010 DEOPT UNPACKING pc=0x000002876af823a3 sp=0x000000e35f9fbca0 mode 2
Event: 1.841 Thread 0x0000028704081010 Uncommon trap: trap_request=0xffffff45 fr.pc=0x0000028772a71294 relative=0x00000000000002f4
Event: 1.841 Thread 0x0000028704081010 Uncommon trap: reason=unstable_if action=reinterpret pc=0x0000028772a71294 method=jdk.internal.org.objectweb.asm.SymbolTable.put(Ljdk/internal/org/objectweb/asm/SymbolTable$Entry;)Ljdk/internal/org/objectweb/asm/SymbolTable$Entry; @ 13 c2
Event: 1.841 Thread 0x0000028704081010 DEOPT PACKING pc=0x0000028772a71294 sp=0x000000e35f9fc740
Event: 1.841 Thread 0x0000028704081010 DEOPT UNPACKING pc=0x000002876af823a3 sp=0x000000e35f9fc6c0 mode 2
Event: 1.856 Thread 0x00000287034bb3e0 DEOPT PACKING pc=0x000002876b7a2bb8 sp=0x000000e3601fdb00
Event: 1.856 Thread 0x00000287034bb3e0 DEOPT UNPACKING pc=0x000002876af82b43 sp=0x000000e3601fd018 mode 0
Event: 1.903 Thread 0x00000287034bb3e0 Uncommon trap: trap_request=0xffffff45 fr.pc=0x0000028772a836d0 relative=0x0000000000001270
Event: 1.903 Thread 0x00000287034bb3e0 Uncommon trap: reason=unstable_if action=reinterpret pc=0x0000028772a836d0 method=java.util.concurrent.ConcurrentHashMap.transfer([Ljava/util/concurrent/ConcurrentHashMap$Node;[Ljava/util/concurrent/ConcurrentHashMap$Node;)V @ 273 c2
Event: 1.903 Thread 0x00000287034bb3e0 DEOPT PACKING pc=0x0000028772a836d0 sp=0x000000e3601fe3a0
Event: 1.903 Thread 0x00000287034bb3e0 DEOPT UNPACKING pc=0x000002876af823a3 sp=0x000000e3601fe310 mode 2
Event: 1.921 Thread 0x00000287034bb3e0 Uncommon trap: trap_request=0xffffff45 fr.pc=0x0000028772a41acc relative=0x000000000000022c
Event: 1.921 Thread 0x00000287034bb3e0 Uncommon trap: reason=unstable_if action=reinterpret pc=0x0000028772a41acc method=java.util.concurrent.ConcurrentHashMap.get(Ljava/lang/Object;)Ljava/lang/Object; @ 86 c2
Event: 1.921 Thread 0x00000287034bb3e0 DEOPT PACKING pc=0x0000028772a41acc sp=0x000000e3601fc930
Event: 1.921 Thread 0x00000287034bb3e0 DEOPT UNPACKING pc=0x000002876af823a3 sp=0x000000e3601fc898 mode 2
Event: 1.921 Thread 0x0000028704081010 Uncommon trap: trap_request=0xffffff45 fr.pc=0x0000028772a90f8c relative=0x000000000000132c
Event: 1.921 Thread 0x0000028704081010 Uncommon trap: reason=unstable_if action=reinterpret pc=0x0000028772a90f8c method=java.util.concurrent.ConcurrentHashMap.transfer([Ljava/util/concurrent/ConcurrentHashMap$Node;[Ljava/util/concurrent/ConcurrentHashMap$Node;)V @ 273 c2
Event: 1.921 Thread 0x0000028704081010 DEOPT PACKING pc=0x0000028772a90f8c sp=0x000000e35f9fc690
Event: 1.921 Thread 0x0000028704081010 DEOPT UNPACKING pc=0x000002876af823a3 sp=0x000000e35f9fc5f0 mode 2

Classes unloaded (0 events):
No events

Classes redefined (0 events):
No events

Internal exceptions (20 events):
Event: 1.177 Thread 0x0000028704081010 Exception <a 'java/lang/IncompatibleClassChangeError'{0x000000008a6e53d8}: Found class java.lang.Object, but interface was expected> (0x000000008a6e53d8) 
thrown [e:\jenkins\tmp\workspace\build\src\src\hotspot\share\interpreter\linkResolver.cpp, line 833]
Event: 1.230 Thread 0x0000028704081010 Exception <a 'java/lang/NoSuchMethodError'{0x000000008a5f91c8}: 'int java.lang.invoke.DirectMethodHandle$Holder.invokeSpecial(java.lang.Object, java.lang.Object, java.lang.Object, java.lang.Object)'> (0x000000008a5f91c8) 
thrown [e:\jenkins\tmp\workspace\build\src\src\hotspot\share\interpreter\linkResolver.cpp, line 766]
Event: 1.286 Thread 0x0000028704081010 Exception <a 'java/lang/NoSuchMethodError'{0x000000008a37bde8}: 'java.lang.Object java.lang.invoke.DirectMethodHandle$Holder.newInvokeSpecial(java.lang.Object, java.lang.Object, java.lang.Object, java.lang.Object, java.lang.Object, java.lang.Object)'> (0x000000008a37bde8) 
thrown [e:\jenkins\tmp\workspace\build\src\src\hotspot\share\interpreter\linkResolver.cpp, line 766]
Event: 1.315 Thread 0x0000028704081010 Exception <a 'java/lang/NoSuchMethodError'{0x000000008a2299c8}: 'java.lang.Object java.lang.invoke.DirectMethodHandle$Holder.newInvokeSpecial(java.lang.Object, java.lang.Object, java.lang.Object, java.lang.Object, java.lang.Object, java.lang.Object, int)'> (0x000000008a2299c8) 
thrown [e:\jenkins\tmp\workspace\build\src\src\hotspot\share\interpreter\linkResolver.cpp, line 766]
Event: 1.368 Thread 0x0000028704081010 Exception <a 'java/lang/NoSuchMethodError'{0x000000008a150800}: 'int java.lang.invoke.DirectMethodHandle$Holder.invokeInterface(java.lang.Object, java.lang.Object)'> (0x000000008a150800) 
thrown [e:\jenkins\tmp\workspace\build\src\src\hotspot\share\interpreter\linkResolver.cpp, line 766]
Event: 1.396 Thread 0x0000028704081010 Exception <a 'java/lang/NoSuchMethodError'{0x000000008a1bae60}: 'int java.lang.invoke.DirectMethodHandle$Holder.invokeVirtual(java.lang.Object, java.lang.Object)'> (0x000000008a1bae60) 
thrown [e:\jenkins\tmp\workspace\build\src\src\hotspot\share\interpreter\linkResolver.cpp, line 766]
Event: 1.425 Thread 0x0000028704081010 Exception <a 'java/lang/NoSuchMethodError'{0x000000008a047f10}: 'java.lang.Object java.lang.invoke.DirectMethodHandle$Holder.invokeSpecial(java.lang.Object, java.lang.Object, java.lang.Object, int, java.lang.Object)'> (0x000000008a047f10) 
thrown [e:\jenkins\tmp\workspace\build\src\src\hotspot\share\interpreter\linkResolver.cpp, line 766]
Event: 1.429 Thread 0x0000028704081010 Exception <a 'java/lang/NoSuchMethodError'{0x000000008a050578}: 'java.lang.Object java.lang.invoke.DirectMethodHandle$Holder.newInvokeSpecial(java.lang.Object, java.lang.Object, java.lang.Object, int, java.lang.Object)'> (0x000000008a050578) 
thrown [e:\jenkins\tmp\workspace\build\src\src\hotspot\share\interpreter\linkResolver.cpp, line 766]
Event: 1.431 Thread 0x0000028704081010 Exception <a 'java/lang/NoSuchMethodError'{0x000000008a066e50}: 'java.lang.Object java.lang.invoke.DirectMethodHandle$Holder.newInvokeSpecial(java.lang.Object, int, java.lang.Object)'> (0x000000008a066e50) 
thrown [e:\jenkins\tmp\workspace\build\src\src\hotspot\share\interpreter\linkResolver.cpp, line 766]
Event: 1.431 Thread 0x0000028704081010 Exception <a 'java/lang/NoSuchMethodError'{0x000000008a06bb30}: 'int java.lang.invoke.DirectMethodHandle$Holder.invokeSpecialIFC(java.lang.Object, java.lang.Object, java.lang.Object, java.lang.Object)'> (0x000000008a06bb30) 
thrown [e:\jenkins\tmp\workspace\build\src\src\hotspot\share\interpreter\linkResolver.cpp, line 766]
Event: 1.458 Thread 0x0000028704081010 Exception <a 'java/lang/NoSuchMethodError'{0x0000000089f1edc8}: 'java.lang.Object java.lang.invoke.DirectMethodHandle$Holder.invokeInterface(java.lang.Object, java.lang.Object)'> (0x0000000089f1edc8) 
thrown [e:\jenkins\tmp\workspace\build\src\src\hotspot\share\interpreter\linkResolver.cpp, line 766]
Event: 1.460 Thread 0x0000028704081010 Exception <a 'java/lang/NoSuchMethodError'{0x0000000089f2f370}: 'void java.lang.invoke.DirectMethodHandle$Holder.invokeInterface(java.lang.Object, java.lang.Object, java.lang.Object)'> (0x0000000089f2f370) 
thrown [e:\jenkins\tmp\workspace\build\src\src\hotspot\share\interpreter\linkResolver.cpp, line 766]
Event: 1.485 Thread 0x0000028704081010 Exception <a 'java/lang/NoSuchMethodError'{0x0000000089fc3c00}: 'void java.lang.invoke.DirectMethodHandle$Holder.invokeStatic(java.lang.Object, java.lang.Object)'> (0x0000000089fc3c00) 
thrown [e:\jenkins\tmp\workspace\build\src\src\hotspot\share\interpreter\linkResolver.cpp, line 766]
Event: 1.486 Thread 0x0000028704081010 Exception <a 'java/lang/NoSuchMethodError'{0x0000000089fc7400}: 'void java.lang.invoke.DirectMethodHandle$Holder.invokeStaticInit(java.lang.Object, java.lang.Object)'> (0x0000000089fc7400) 
thrown [e:\jenkins\tmp\workspace\build\src\src\hotspot\share\interpreter\linkResolver.cpp, line 766]
Event: 1.487 Thread 0x0000028704081010 Exception <a 'java/lang/NoSuchMethodError'{0x0000000089fd3f50}: 'void java.lang.invoke.DirectMethodHandle$Holder.invokeStaticInit(java.lang.Object, java.lang.Object, java.lang.Object)'> (0x0000000089fd3f50) 
thrown [e:\jenkins\tmp\workspace\build\src\src\hotspot\share\interpreter\linkResolver.cpp, line 766]
Event: 1.558 Thread 0x0000028704081010 Exception <a 'java/lang/NoSuchMethodError'{0x0000000089e5efa0}: 'void java.lang.invoke.DirectMethodHandle$Holder.invokeVirtual(java.lang.Object, java.lang.Object, java.lang.Object, java.lang.Object)'> (0x0000000089e5efa0) 
thrown [e:\jenkins\tmp\workspace\build\src\src\hotspot\share\interpreter\linkResolver.cpp, line 766]
Event: 1.601 Thread 0x0000028704081010 Exception <a 'java/lang/NoSuchMethodError'{0x0000000089d96ba0}: 'void java.lang.invoke.DirectMethodHandle$Holder.invokeSpecial(java.lang.Object, java.lang.Object, java.lang.Object)'> (0x0000000089d96ba0) 
thrown [e:\jenkins\tmp\workspace\build\src\src\hotspot\share\interpreter\linkResolver.cpp, line 766]
Event: 1.601 Thread 0x0000028704081010 Exception <a 'java/lang/NoSuchMethodError'{0x0000000089d9d2d0}: 'void java.lang.invoke.DirectMethodHandle$Holder.invokeSpecial(java.lang.Object, java.lang.Object, java.lang.Object, java.lang.Object, java.lang.Object)'> (0x0000000089d9d2d0) 
thrown [e:\jenkins\tmp\workspace\build\src\src\hotspot\share\interpreter\linkResolver.cpp, line 766]
Event: 1.610 Thread 0x0000028704081010 Exception <a 'java/lang/IncompatibleClassChangeError'{0x0000000089dc82d8}: Found class java.lang.Object, but interface was expected> (0x0000000089dc82d8) 
thrown [e:\jenkins\tmp\workspace\build\src\src\hotspot\share\interpreter\linkResolver.cpp, line 833]
Event: 1.739 Thread 0x00000287034bb3e0 Exception <a 'java/lang/NoSuchMethodError'{0x000000008983f870}: 'void java.lang.invoke.DirectMethodHandle$Holder.invokeInterface(java.lang.Object, java.lang.Object, java.lang.Object, java.lang.Object)'> (0x000000008983f870) 
thrown [e:\jenkins\tmp\workspace\build\src\src\hotspot\share\interpreter\linkResolver.cpp, line 766]

VM Operations (20 events):
Event: 0.704 Executing VM operation: HandshakeAllThreads
Event: 0.704 Executing VM operation: HandshakeAllThreads done
Event: 1.039 Executing VM operation: HandshakeAllThreads
Event: 1.039 Executing VM operation: HandshakeAllThreads done
Event: 1.089 Executing VM operation: G1CollectForAllocation
Event: 1.099 Executing VM operation: G1CollectForAllocation done
Event: 1.386 Executing VM operation: HandshakeAllThreads
Event: 1.386 Executing VM operation: HandshakeAllThreads done
Event: 1.759 Executing VM operation: ICBufferFull
Event: 1.759 Executing VM operation: ICBufferFull done
Event: 1.851 Executing VM operation: HandshakeAllThreads
Event: 1.851 Executing VM operation: HandshakeAllThreads done
Event: 1.859 Executing VM operation: HandshakeAllThreads
Event: 1.859 Executing VM operation: HandshakeAllThreads done
Event: 1.878 Executing VM operation: HandshakeAllThreads
Event: 1.878 Executing VM operation: HandshakeAllThreads done
Event: 1.897 Executing VM operation: G1CollectForAllocation
Event: 1.903 Executing VM operation: G1CollectForAllocation done
Event: 1.920 Executing VM operation: HandshakeAllThreads
Event: 1.920 Executing VM operation: HandshakeAllThreads done

Events (20 events):
Event: 1.889 loading class java/time/chrono/MinguoDate done
Event: 1.889 loading class java/time/chrono/ThaiBuddhistDate
Event: 1.890 loading class java/time/chrono/ThaiBuddhistDate done
Event: 1.910 Thread 0x0000028703446220 Thread added: 0x0000028703446220
Event: 1.918 loading class sun/reflect/generics/tree/BooleanSignature
Event: 1.918 loading class sun/reflect/generics/tree/BooleanSignature done
Event: 1.918 loading class sun/reflect/generics/tree/DoubleSignature
Event: 1.918 loading class sun/reflect/generics/tree/DoubleSignature done
Event: 1.918 loading class sun/reflect/generics/tree/FloatSignature
Event: 1.918 loading class sun/reflect/generics/tree/FloatSignature done
Event: 1.918 loading class sun/reflect/generics/tree/IntSignature
Event: 1.918 loading class sun/reflect/generics/tree/IntSignature done
Event: 1.918 loading class sun/reflect/generics/tree/LongSignature
Event: 1.919 loading class sun/reflect/generics/tree/LongSignature done
Event: 1.919 loading class sun/reflect/generics/tree/ShortSignature
Event: 1.919 loading class sun/reflect/generics/tree/ShortSignature done
Event: 1.929 loading class org/xml/sax/InputSource
Event: 1.930 loading class org/xml/sax/InputSource done
Event: 1.931 loading class java/nio/file/FileSystemNotFoundException
Event: 1.931 loading class java/nio/file/FileSystemNotFoundException done


Dynamic libraries:
0x00007ff645680000 - 0x00007ff64568e000 	C:\Users\kiran\.p2\pool\plugins\org.eclipse.justj.openjdk.hotspot.jre.full.win32.x86_64_17.0.2.v20220201-1208\jre\bin\javaw.exe
0x00007ffa2f2d0000 - 0x00007ffa2f4e7000 	C:\WINDOWS\SYSTEM32\ntdll.dll
0x00007ffa2d9f0000 - 0x00007ffa2dab4000 	C:\WINDOWS\System32\KERNEL32.DLL
0x00007ffa2c9c0000 - 0x00007ffa2cd66000 	C:\WINDOWS\System32\KERNELBASE.dll
0x00007ffa2c8a0000 - 0x00007ffa2c9b1000 	C:\WINDOWS\System32\ucrtbase.dll
0x00007ffa252b0000 - 0x00007ffa252c9000 	C:\Users\kiran\.p2\pool\plugins\org.eclipse.justj.openjdk.hotspot.jre.full.win32.x86_64_17.0.2.v20220201-1208\jre\bin\VCRUNTIME140.dll
0x00007ff9dc610000 - 0x00007ff9dc628000 	C:\Users\kiran\.p2\pool\plugins\org.eclipse.justj.openjdk.hotspot.jre.full.win32.x86_64_17.0.2.v20220201-1208\jre\bin\jli.dll
0x00007ffa2e970000 - 0x00007ffa2eb1d000 	C:\WINDOWS\System32\USER32.dll
0x00007ffa0d130000 - 0x00007ffa0d3c3000 	C:\WINDOWS\WinSxS\amd64_microsoft.windows.common-controls_6595b64144ccf1df_6.0.22621.3139_none_270f19e5738675cb\COMCTL32.dll
0x00007ffa2c690000 - 0x00007ffa2c6b6000 	C:\WINDOWS\System32\win32u.dll
0x00007ffa2d720000 - 0x00007ffa2d7c7000 	C:\WINDOWS\System32\msvcrt.dll
0x00007ffa2d9c0000 - 0x00007ffa2d9e9000 	C:\WINDOWS\System32\GDI32.dll
0x00007ffa2c780000 - 0x00007ffa2c898000 	C:\WINDOWS\System32\gdi32full.dll
0x00007ffa2cf80000 - 0x00007ffa2d01a000 	C:\WINDOWS\System32\msvcp_win.dll
0x00007ffa2dac0000 - 0x00007ffa2daf1000 	C:\WINDOWS\System32\IMM32.DLL
0x00007ffa27b30000 - 0x00007ffa27b3c000 	C:\Users\kiran\.p2\pool\plugins\org.eclipse.justj.openjdk.hotspot.jre.full.win32.x86_64_17.0.2.v20220201-1208\jre\bin\vcruntime140_1.dll
0x00007ffa08870000 - 0x00007ffa08901000 	C:\Users\kiran\.p2\pool\plugins\org.eclipse.justj.openjdk.hotspot.jre.full.win32.x86_64_17.0.2.v20220201-1208\jre\bin\msvcp140.dll
0x00007ff9b5480000 - 0x00007ff9b60c7000 	C:\Users\kiran\.p2\pool\plugins\org.eclipse.justj.openjdk.hotspot.jre.full.win32.x86_64_17.0.2.v20220201-1208\jre\bin\server\jvm.dll
0x00007ffa2d8f0000 - 0x00007ffa2d9a3000 	C:\WINDOWS\System32\ADVAPI32.dll
0x00007ffa2d840000 - 0x00007ffa2d8e8000 	C:\WINDOWS\System32\sechost.dll
0x00007ffa2cf50000 - 0x00007ffa2cf78000 	C:\WINDOWS\System32\bcrypt.dll
0x00007ffa2d0b0000 - 0x00007ffa2d1c7000 	C:\WINDOWS\System32\RPCRT4.dll
0x00007ffa2d7d0000 - 0x00007ffa2d7d8000 	C:\WINDOWS\System32\PSAPI.DLL
0x00007ffa25120000 - 0x00007ffa25154000 	C:\WINDOWS\SYSTEM32\WINMM.dll
0x00007ffa257f0000 - 0x00007ffa257fa000 	C:\WINDOWS\SYSTEM32\VERSION.dll
0x00007ffa19410000 - 0x00007ffa19419000 	C:\WINDOWS\SYSTEM32\WSOCK32.dll
0x00007ffa2d6a0000 - 0x00007ffa2d711000 	C:\WINDOWS\System32\WS2_32.dll
0x00007ffa2b610000 - 0x00007ffa2b628000 	C:\WINDOWS\SYSTEM32\kernel.appcore.dll
0x00007ffa19400000 - 0x00007ffa1940a000 	C:\Users\kiran\.p2\pool\plugins\org.eclipse.justj.openjdk.hotspot.jre.full.win32.x86_64_17.0.2.v20220201-1208\jre\bin\jimage.dll
0x00007ffa17440000 - 0x00007ffa17673000 	C:\WINDOWS\SYSTEM32\DBGHELP.DLL
0x00007ffa2ed80000 - 0x00007ffa2f109000 	C:\WINDOWS\System32\combase.dll
0x00007ffa2e830000 - 0x00007ffa2e907000 	C:\WINDOWS\System32\OLEAUT32.dll
0x00007ffa16100000 - 0x00007ffa16132000 	C:\WINDOWS\SYSTEM32\dbgcore.DLL
0x00007ffa2c610000 - 0x00007ffa2c68a000 	C:\WINDOWS\System32\bcryptPrimitives.dll
0x00007ff9dcf90000 - 0x00007ff9dcfb5000 	C:\Users\kiran\.p2\pool\plugins\org.eclipse.justj.openjdk.hotspot.jre.full.win32.x86_64_17.0.2.v20220201-1208\jre\bin\java.dll
0x00007ff9d2110000 - 0x00007ff9d2128000 	C:\Users\kiran\.p2\pool\plugins\org.eclipse.justj.openjdk.hotspot.jre.full.win32.x86_64_17.0.2.v20220201-1208\jre\bin\zip.dll
0x00007ffa2dcb0000 - 0x00007ffa2e50a000 	C:\WINDOWS\System32\SHELL32.dll
0x00007ffa2a520000 - 0x00007ffa2ae16000 	C:\WINDOWS\SYSTEM32\windows.storage.dll
0x00007ffa2a3e0000 - 0x00007ffa2a51e000 	C:\WINDOWS\SYSTEM32\wintypes.dll
0x00007ffa2ec80000 - 0x00007ffa2ed73000 	C:\WINDOWS\System32\SHCORE.dll
0x00007ffa2ec20000 - 0x00007ffa2ec7e000 	C:\WINDOWS\System32\shlwapi.dll
0x00007ffa2c540000 - 0x00007ffa2c566000 	C:\WINDOWS\SYSTEM32\profapi.dll
0x00007ff9d1da0000 - 0x00007ff9d1db9000 	C:\Users\kiran\.p2\pool\plugins\org.eclipse.justj.openjdk.hotspot.jre.full.win32.x86_64_17.0.2.v20220201-1208\jre\bin\net.dll
0x00007ffa256b0000 - 0x00007ffa257e7000 	C:\WINDOWS\SYSTEM32\WINHTTP.dll
0x00007ffa2bb30000 - 0x00007ffa2bb99000 	C:\WINDOWS\system32\mswsock.dll
0x00007ff9d1d80000 - 0x00007ff9d1d95000 	C:\Users\kiran\.p2\pool\plugins\org.eclipse.justj.openjdk.hotspot.jre.full.win32.x86_64_17.0.2.v20220201-1208\jre\bin\nio.dll
0x00007ffa192a0000 - 0x00007ffa192b0000 	C:\Users\kiran\.p2\pool\plugins\org.eclipse.justj.openjdk.hotspot.jre.full.win32.x86_64_17.0.2.v20220201-1208\jre\bin\verify.dll
0x00007ffa0b6a0000 - 0x00007ffa0b6a9000 	C:\Users\kiran\.p2\pool\plugins\org.eclipse.justj.openjdk.hotspot.jre.full.win32.x86_64_17.0.2.v20220201-1208\jre\bin\management.dll
0x00007ffa049f0000 - 0x00007ffa049fb000 	C:\Users\kiran\.p2\pool\plugins\org.eclipse.justj.openjdk.hotspot.jre.full.win32.x86_64_17.0.2.v20220201-1208\jre\bin\management_ext.dll
0x00007ffa1a320000 - 0x00007ffa1a337000 	C:\WINDOWS\system32\napinsp.dll
0x00007ffa1a300000 - 0x00007ffa1a31b000 	C:\WINDOWS\system32\pnrpnsp.dll
0x00007ffa2b0f0000 - 0x00007ffa2b1e9000 	C:\WINDOWS\SYSTEM32\DNSAPI.dll
0x00007ffa2b080000 - 0x00007ffa2b0ad000 	C:\WINDOWS\SYSTEM32\IPHLPAPI.DLL
0x00007ffa2d9b0000 - 0x00007ffa2d9b9000 	C:\WINDOWS\System32\NSI.dll
0x00007ffa0a8c0000 - 0x00007ffa0a8d1000 	C:\WINDOWS\System32\winrnr.dll
0x00007ffa25010000 - 0x00007ffa25025000 	C:\WINDOWS\system32\wshbth.dll
0x00007ffa09d80000 - 0x00007ffa09da1000 	C:\WINDOWS\system32\nlansp_c.dll
0x00007ffa24940000 - 0x00007ffa2494a000 	C:\Windows\System32\rasadhlp.dll
0x00007ffa23e40000 - 0x00007ffa23ec3000 	C:\WINDOWS\System32\fwpuclnt.dll

dbghelp: loaded successfully - version: 4.0.5 - missing functions: none
symbol engine: initialized successfully - sym options: 0x614 - pdb path: .;C:\Users\kiran\.p2\pool\plugins\org.eclipse.justj.openjdk.hotspot.jre.full.win32.x86_64_17.0.2.v20220201-1208\jre\bin;C:\WINDOWS\SYSTEM32;C:\WINDOWS\WinSxS\amd64_microsoft.windows.common-controls_6595b64144ccf1df_6.0.22621.3139_none_270f19e5738675cb;C:\Users\kiran\.p2\pool\plugins\org.eclipse.justj.openjdk.hotspot.jre.full.win32.x86_64_17.0.2.v20220201-1208\jre\bin\server

VM Arguments:
jvm_args: -Dfile.encoding=UTF-8 -XX:+ShowCodeDetailsInExceptionMessages 
java_command: com.app.Application
java_class_path (initial): F:\CDAC\Module\Madhura Madam\Class\day5_data\code\spring_security3\target\classes;C:\Users\kiran\.m2\repository\org\springframework\boot\spring-boot-starter-data-jpa\2.7.18\spring-boot-starter-data-jpa-2.7.18.jar;C:\Users\kiran\.m2\repository\org\springframework\boot\spring-boot-starter-aop\2.7.18\spring-boot-starter-aop-2.7.18.jar;C:\Users\kiran\.m2\repository\org\aspectj\aspectjweaver\1.9.7\aspectjweaver-1.9.7.jar;C:\Users\kiran\.m2\repository\org\springframework\boot\spring-boot-starter-jdbc\2.7.18\spring-boot-starter-jdbc-2.7.18.jar;C:\Users\kiran\.m2\repository\com\zaxxer\HikariCP\4.0.3\HikariCP-4.0.3.jar;C:\Users\kiran\.m2\repository\org\springframework\spring-jdbc\5.3.31\spring-jdbc-5.3.31.jar;C:\Users\kiran\.m2\repository\jakarta\transaction\jakarta.transaction-api\1.3.3\jakarta.transaction-api-1.3.3.jar;C:\Users\kiran\.m2\repository\jakarta\persistence\jakarta.persistence-api\2.2.3\jakarta.persistence-api-2.2.3.jar;C:\Users\kiran\.m2\repository\org\hibernate\hibernate-core\5.6.15.Final\hibernate-core-5.6.15.Final.jar;C:\Users\kiran\.m2\repository\org\jboss\logging\jboss-logging\3.4.3.Final\jboss-logging-3.4.3.Final.jar;C:\Users\kiran\.m2\repository\net\bytebuddy\byte-buddy\1.12.23\byte-buddy-1.12.23.jar;C:\Users\kiran\.m2\repository\antlr\antlr\2.7.7\antlr-2.7.7.jar;C:\Users\kiran\.m2\repository\org\jboss\jandex\2.4.2.Final\jandex-2.4.2.Final.jar;C:\Users\kiran\.m2\repository\com\fasterxml\classmate\1.5.1\classmate-1.5.1.jar;C:\Users\kiran\.m2\repository\org\hibernate\common\hibernate-commons-annotations\5.1.2.Final\hibernate-commons-annotations-5.1.2.Final.jar;C:\Users\kiran\.m2\repository\org\glassfish\jaxb\jaxb-runtime\2.3.9\jaxb-runtime-2.3.9.jar;C:\Users\kiran\.m2\repository\org\glassfish\jaxb\txw2\2.3.9\txw2-2.3.9.jar;C:\Users\kiran\.m2\repository\com\sun\istack\istack-commons-runtime\3.0.12\istack-commons-runtime-3.0.12.jar;C:\Users\kiran\.m2\repository\com\sun\activation\jakarta.activation\1.2.2\jakarta.activation-1.2.2.
Launcher Type: SUN_STANDARD

[Global flags]
     intx CICompilerCount                          = 4                                         {product} {ergonomic}
     uint ConcGCThreads                            = 2                                         {product} {ergonomic}
     uint G1ConcRefinementThreads                  = 8                                         {product} {ergonomic}
   size_t G1HeapRegionSize                         = 1048576                                   {product} {ergonomic}
    uintx GCDrainStackTargetSize                   = 64                                        {product} {ergonomic}
   size_t InitialHeapSize                          = 132120576                                 {product} {ergonomic}
   size_t MarkStackSize                            = 4194304                                   {product} {ergonomic}
   size_t MaxHeapSize                              = 2103443456                                {product} {ergonomic}
   size_t MaxNewSize                               = 1261436928                                {product} {ergonomic}
   size_t MinHeapDeltaBytes                        = 1048576                                   {product} {ergonomic}
   size_t MinHeapSize                              = 8388608                                   {product} {ergonomic}
    uintx NonNMethodCodeHeapSize                   = 5839372                                {pd product} {ergonomic}
    uintx NonProfiledCodeHeapSize                  = 122909434                              {pd product} {ergonomic}
    uintx ProfiledCodeHeapSize                     = 122909434                              {pd product} {ergonomic}
    uintx ReservedCodeCacheSize                    = 251658240                              {pd product} {ergonomic}
     bool SegmentedCodeCache                       = true                                      {product} {ergonomic}
     bool ShowCodeDetailsInExceptionMessages       = true                                   {manageable} {command line}
   size_t SoftMaxHeapSize                          = 2103443456                             {manageable} {ergonomic}
     bool UseCompressedClassPointers               = true                           {product lp64_product} {ergonomic}
     bool UseCompressedOops                        = true                           {product lp64_product} {ergonomic}
     bool UseG1GC                                  = true                                      {product} {ergonomic}
     bool UseLargePagesIndividualAllocation        = false                                  {pd product} {ergonomic}

Logging:
Log output configuration:
 #0: stdout all=warning uptime,level,tags
 #1: stderr all=off uptime,level,tags

Environment Variables:
PATH=C:/Users/kiran/.p2/pool/plugins/org.eclipse.justj.openjdk.hotspot.jre.full.win32.x86_64_17.0.2.v20220201-1208/jre/bin/server;C:/Users/kiran/.p2/pool/plugins/org.eclipse.justj.openjdk.hotspot.jre.full.win32.x86_64_17.0.2.v20220201-1208/jre/bin;C:\Program Files\Common Files\Oracle\Java\javapath;C:\Program Files (x86)\Common Files\Oracle\Java\javapath;C:\Windows\system32;C:\Windows;C:\Windows\System32\Wbem;C:\Windows\System32\WindowsPowerShell\v1.0\;C:\Windows\System32\OpenSSH\;C:\Program Files (x86)\NVIDIA Corporation\PhysX\Common;C:\Program Files\NVIDIA Corporation\NVIDIA NvDLISR;C:\WINDOWS\system32;C:\WINDOWS;C:\WINDOWS\System32\Wbem;C:\WINDOWS\System32\WindowsPowerShell\v1.0\;C:\WINDOWS\System32\OpenSSH\;C:\Program Files\Microsoft VS Code\bin;C:\Program Files\nodejs;C:\MinGW\bin;C:\Program Files\Git\cmd;C:\Program Files\nodejs\;C:\Program Files\Microsoft SQL Server\150\Tools\Binn\;C:\Program Files\Microsoft SQL Server\Client SDK\ODBC\170\Tools\Binn\;C:\Program Files\dotnet\;C:\Program Files (x86)\Microsoft SQL Server\160\Tools\Binn\;C:\Program Files\Microsoft SQL Server\160\Tools\Binn\;C:\Program Files\Microsoft SQL Server\160\DTS\Binn\;C:\Program Files\Docker\Docker\resources\bin;C:\Program Files\apache-maven-3.9.6\bin;C:\Program Files\Kubernetes\Minikube;C:\Program Files\Java\jdk-11\bin;C:\Program Files\MySQL\MySQL Shell 8.0\bin\;C:\MinGW\bin;C:\Users\kiran\AppData\Local\Microsoft\WindowsApps;C:\Users\kiran\AppData\Local\GitHubDesktop\bin;C:\MinGW\bin;C:\Program Files\JetBrains\PyCharm Community Edition 2023.2\bin;;C:\Program Files\Java\jdk-1.8\bin;C:\Program Files\MySQL\MySQL Server 8.0\bin;C:\Users\kiran\AppData\Roaming\npm;C:\Program Files\MongoDB\mongosh-2.1.0-win32-x64\bin;C:\Users\kiran\.dotnet\tools;C:\Program Files\Azure Data Studio\bin;C:\Users\kiran\eclipse\java-2021-122\eclipse;
USERNAME=kiran
OS=Windows_NT
PROCESSOR_IDENTIFIER=Intel64 Family 6 Model 165 Stepping 2, GenuineIntel



---------------  S Y S T E M  ---------------

OS:
 Windows 11 , 64 bit Build 22621 (10.0.22621.3139)
OS uptime: 6 days 13:19 hours
Hyper-V role detected

CPU: total 8 (initial active 8) (4 cores per cpu, 2 threads per core) family 6 model 165 stepping 2 microcode 0xea, cx8, cmov, fxsr, ht, mmx, 3dnowpref, sse, sse2, sse3, ssse3, sse4.1, sse4.2, popcnt, lzcnt, tsc, tscinvbit, avx, avx2, aes, erms, clmul, bmi1, bmi2, adx, fma, vzeroupper, clflush, clflushopt, hv

Memory: 4k page, system-wide physical 8023M (441M free)
TotalPageFile size 20523M (AvailPageFile size 108M)
current process WorkingSet (physical memory assigned to process): 83M, peak: 108M
current process commit charge ("private bytes"): 147M, peak: 236M

vm_info: OpenJDK 64-Bit Server VM (17.0.2+8) for windows-amd64 JRE (17.0.2+8), built on Jan 20 2022 04:52:34 by "" with MS VC++ 16.7 (VS2019)

END.
